8/15/2025 7:53:10 AM - Lỗi gửi email quên mật khẩu: System.FormatException: The specified string is not in the form required for an e-mail address.
   at System.Net.Mail.MailAddressParser.ReadCfwsAndThrowIfIncomplete(String data, Int32 index)
   at System.Net.Mail.MailAddressParser.ParseDomain(String data, Int32& index)
   at System.Net.Mail.MailAddressParser.ParseAddress(String data, Boolean expectMultipleAddresses, Int32& index)
   at System.Net.Mail.MailAddressParser.ParseAddress(String data)
   at System.Net.Mail.MailAddress..ctor(String address, String displayName, Encoding displayNameEncoding)
   at Webebook.WebForm.VangLai.quenmatkhau.SendConfirmationEmail(String toEmail, String maXacNhan) in D:\learning\congcu\Webebook-master\Webebook\WebForm\VangLai\quenmatkhau.aspx.cs:line 276
8/15/2025 7:53:10 AM - Lỗi btnGui_Click: System.Exception: Không thể gửi email xác nhận. Vui lòng kiểm tra lại cấu hình và thông tin tài khoản email.
   at Webebook.WebForm.VangLai.quenmatkhau.SendConfirmationEmail(String toEmail, String maXacNhan) in D:\learning\congcu\Webebook-master\Webebook\WebForm\VangLai\quenmatkhau.aspx.cs:line 294
   at Webebook.WebForm.VangLai.quenmatkhau.btnGui_Click(Object sender, EventArgs e) in D:\learning\congcu\Webebook-master\Webebook\WebForm\VangLai\quenmatkhau.aspx.cs:line 71
8/15/2025 7:53:12 AM - Lỗi gửi email quên mật khẩu: System.FormatException: The specified string is not in the form required for an e-mail address.
   at System.Net.Mail.MailAddressParser.ReadCfwsAndThrowIfIncomplete(String data, Int32 index)
   at System.Net.Mail.MailAddressParser.ParseDomain(String data, Int32& index)
   at System.Net.Mail.MailAddressParser.ParseAddress(String data, Boolean expectMultipleAddresses, Int32& index)
   at System.Net.Mail.MailAddressParser.ParseAddress(String data)
   at System.Net.Mail.MailAddress..ctor(String address, String displayName, Encoding displayNameEncoding)
   at Webebook.WebForm.VangLai.quenmatkhau.SendConfirmationEmail(String toEmail, String maXacNhan) in D:\learning\congcu\Webebook-master\Webebook\WebForm\VangLai\quenmatkhau.aspx.cs:line 276
8/15/2025 7:53:12 AM - Lỗi btnGui_Click: System.Exception: Không thể gửi email xác nhận. Vui lòng kiểm tra lại cấu hình và thông tin tài khoản email.
   at Webebook.WebForm.VangLai.quenmatkhau.SendConfirmationEmail(String toEmail, String maXacNhan) in D:\learning\congcu\Webebook-master\Webebook\WebForm\VangLai\quenmatkhau.aspx.cs:line 294
   at Webebook.WebForm.VangLai.quenmatkhau.btnGui_Click(Object sender, EventArgs e) in D:\learning\congcu\Webebook-master\Webebook\WebForm\VangLai\quenmatkhau.aspx.cs:line 71
8/15/2025 7:53:14 AM - Lỗi gửi email quên mật khẩu: System.FormatException: The specified string is not in the form required for an e-mail address.
   at System.Net.Mail.MailAddressParser.ReadCfwsAndThrowIfIncomplete(String data, Int32 index)
   at System.Net.Mail.MailAddressParser.ParseDomain(String data, Int32& index)
   at System.Net.Mail.MailAddressParser.ParseAddress(String data, Boolean expectMultipleAddresses, Int32& index)
   at System.Net.Mail.MailAddressParser.ParseAddress(String data)
   at System.Net.Mail.MailAddress..ctor(String address, String displayName, Encoding displayNameEncoding)
   at Webebook.WebForm.VangLai.quenmatkhau.SendConfirmationEmail(String toEmail, String maXacNhan) in D:\learning\congcu\Webebook-master\Webebook\WebForm\VangLai\quenmatkhau.aspx.cs:line 276
8/15/2025 7:53:14 AM - Lỗi btnGui_Click: System.Exception: Không thể gửi email xác nhận. Vui lòng kiểm tra lại cấu hình và thông tin tài khoản email.
   at Webebook.WebForm.VangLai.quenmatkhau.SendConfirmationEmail(String toEmail, String maXacNhan) in D:\learning\congcu\Webebook-master\Webebook\WebForm\VangLai\quenmatkhau.aspx.cs:line 294
   at Webebook.WebForm.VangLai.quenmatkhau.btnGui_Click(Object sender, EventArgs e) in D:\learning\congcu\Webebook-master\Webebook\WebForm\VangLai\quenmatkhau.aspx.cs:line 71
8/15/2025 7:53:23 AM - Lỗi gửi email quên mật khẩu: System.FormatException: The specified string is not in the form required for an e-mail address.
   at System.Net.Mail.MailAddressParser.ReadCfwsAndThrowIfIncomplete(String data, Int32 index)
   at System.Net.Mail.MailAddressParser.ParseDomain(String data, Int32& index)
   at System.Net.Mail.MailAddressParser.ParseAddress(String data, Boolean expectMultipleAddresses, Int32& index)
   at System.Net.Mail.MailAddressParser.ParseAddress(String data)
   at System.Net.Mail.MailAddress..ctor(String address, String displayName, Encoding displayNameEncoding)
   at Webebook.WebForm.VangLai.quenmatkhau.SendConfirmationEmail(String toEmail, String maXacNhan) in D:\learning\congcu\Webebook-master\Webebook\WebForm\VangLai\quenmatkhau.aspx.cs:line 276
8/15/2025 7:53:23 AM - Lỗi btnGui_Click: System.Exception: Không thể gửi email xác nhận. Vui lòng kiểm tra lại cấu hình và thông tin tài khoản email.
   at Webebook.WebForm.VangLai.quenmatkhau.SendConfirmationEmail(String toEmail, String maXacNhan) in D:\learning\congcu\Webebook-master\Webebook\WebForm\VangLai\quenmatkhau.aspx.cs:line 294
   at Webebook.WebForm.VangLai.quenmatkhau.btnGui_Click(Object sender, EventArgs e) in D:\learning\congcu\Webebook-master\Webebook\WebForm\VangLai\quenmatkhau.aspx.cs:line 71
8/15/2025 8:03:01 AM - Lỗi gửi email quên mật khẩu: System.FormatException: The specified string is not in the form required for an e-mail address.
   at System.Net.Mail.MailAddressParser.ReadCfwsAndThrowIfIncomplete(String data, Int32 index)
   at System.Net.Mail.MailAddressParser.ParseDomain(String data, Int32& index)
   at System.Net.Mail.MailAddressParser.ParseAddress(String data, Boolean expectMultipleAddresses, Int32& index)
   at System.Net.Mail.MailAddressParser.ParseAddress(String data)
   at System.Net.Mail.MailAddress..ctor(String address, String displayName, Encoding displayNameEncoding)
   at Webebook.WebForm.VangLai.quenmatkhau.SendConfirmationEmail(String toEmail, String maXacNhan) in D:\learning\congcu\Webebook-master\Webebook\WebForm\VangLai\quenmatkhau.aspx.cs:line 276
8/15/2025 8:03:01 AM - Lỗi btnGui_Click: System.Exception: Không thể gửi email xác nhận. Vui lòng kiểm tra lại cấu hình và thông tin tài khoản email.
   at Webebook.WebForm.VangLai.quenmatkhau.SendConfirmationEmail(String toEmail, String maXacNhan) in D:\learning\congcu\Webebook-master\Webebook\WebForm\VangLai\quenmatkhau.aspx.cs:line 295
   at Webebook.WebForm.VangLai.quenmatkhau.btnGui_Click(Object sender, EventArgs e) in D:\learning\congcu\Webebook-master\Webebook\WebForm\VangLai\quenmatkhau.aspx.cs:line 71
8/15/2025 6:15:13 PM - Lỗi gửi email quên mật khẩu: System.FormatException: The specified string is not in the form required for an e-mail address.
   at System.Net.Mail.MailAddressParser.ReadCfwsAndThrowIfIncomplete(String data, Int32 index)
   at System.Net.Mail.MailAddressParser.ParseDomain(String data, Int32& index)
   at System.Net.Mail.MailAddressParser.ParseAddress(String data, Boolean expectMultipleAddresses, Int32& index)
   at System.Net.Mail.MailAddressParser.ParseAddress(String data)
   at System.Net.Mail.MailAddress..ctor(String address, String displayName, Encoding displayNameEncoding)
   at Webebook.WebForm.VangLai.quenmatkhau.SendConfirmationEmail(String toEmail, String maXacNhan) in D:\learning\congcu\Webebook-master\Webebook\WebForm\VangLai\quenmatkhau.aspx.cs:line 276
8/15/2025 6:15:13 PM - Lỗi btnGui_Click: System.Exception: Không thể gửi email xác nhận. Vui lòng kiểm tra lại cấu hình và thông tin tài khoản email.
   at Webebook.WebForm.VangLai.quenmatkhau.SendConfirmationEmail(String toEmail, String maXacNhan) in D:\learning\congcu\Webebook-master\Webebook\WebForm\VangLai\quenmatkhau.aspx.cs:line 295
   at Webebook.WebForm.VangLai.quenmatkhau.btnGui_Click(Object sender, EventArgs e) in D:\learning\congcu\Webebook-master\Webebook\WebForm\VangLai\quenmatkhau.aspx.cs:line 71
8/21/2025 6:50:00 PM - Lỗi gửi email quên mật khẩu: System.FormatException: The specified string is not in the form required for an e-mail address.
   at System.Net.Mail.MailAddressParser.ReadCfwsAndThrowIfIncomplete(String data, Int32 index)
   at System.Net.Mail.MailAddressParser.ParseDomain(String data, Int32& index)
   at System.Net.Mail.MailAddressParser.ParseAddress(String data, Boolean expectMultipleAddresses, Int32& index)
   at System.Net.Mail.MailAddressParser.ParseAddress(String data)
   at System.Net.Mail.MailAddress..ctor(String address, String displayName, Encoding displayNameEncoding)
   at Webebook.WebForm.VangLai.quenmatkhau.SendConfirmationEmail(String toEmail, String maXacNhan) in D:\learning\congcu\Webebook-master\Webebook\WebForm\VangLai\quenmatkhau.aspx.cs:line 276
8/21/2025 6:50:00 PM - Lỗi btnGui_Click: System.Exception: Không thể gửi email xác nhận. Vui lòng kiểm tra lại cấu hình và thông tin tài khoản email.
   at Webebook.WebForm.VangLai.quenmatkhau.SendConfirmationEmail(String toEmail, String maXacNhan) in D:\learning\congcu\Webebook-master\Webebook\WebForm\VangLai\quenmatkhau.aspx.cs:line 295
   at Webebook.WebForm.VangLai.quenmatkhau.btnGui_Click(Object sender, EventArgs e) in D:\learning\congcu\Webebook-master\Webebook\WebForm\VangLai\quenmatkhau.aspx.cs:line 71
8/21/2025 6:55:00 PM - Lỗi gửi email quên mật khẩu: System.FormatException: The specified string is not in the form required for an e-mail address.
   at System.Net.Mail.MailAddressParser.ReadCfwsAndThrowIfIncomplete(String data, Int32 index)
   at System.Net.Mail.MailAddressParser.ParseDomain(String data, Int32& index)
   at System.Net.Mail.MailAddressParser.ParseAddress(String data, Boolean expectMultipleAddresses, Int32& index)
   at System.Net.Mail.MailAddressParser.ParseAddress(String data)
   at System.Net.Mail.MailAddress..ctor(String address, String displayName, Encoding displayNameEncoding)
   at Webebook.WebForm.VangLai.quenmatkhau.SendConfirmationEmail(String toEmail, String maXacNhan) in D:\learning\congcu\Webebook-master\Webebook\WebForm\VangLai\quenmatkhau.aspx.cs:line 276
8/21/2025 6:55:00 PM - Lỗi btnGui_Click: System.Exception: Không thể gửi email xác nhận. Vui lòng kiểm tra lại cấu hình và thông tin tài khoản email.
   at Webebook.WebForm.VangLai.quenmatkhau.SendConfirmationEmail(String toEmail, String maXacNhan) in D:\learning\congcu\Webebook-master\Webebook\WebForm\VangLai\quenmatkhau.aspx.cs:line 295
   at Webebook.WebForm.VangLai.quenmatkhau.btnGui_Click(Object sender, EventArgs e) in D:\learning\congcu\Webebook-master\Webebook\WebForm\VangLai\quenmatkhau.aspx.cs:line 71
8/21/2025 6:55:22 PM - Lỗi gửi email quên mật khẩu: System.FormatException: The specified string is not in the form required for an e-mail address.
   at System.Net.Mail.MailAddressParser.ReadCfwsAndThrowIfIncomplete(String data, Int32 index)
   at System.Net.Mail.MailAddressParser.ParseDomain(String data, Int32& index)
   at System.Net.Mail.MailAddressParser.ParseAddress(String data, Boolean expectMultipleAddresses, Int32& index)
   at System.Net.Mail.MailAddressParser.ParseAddress(String data)
   at System.Net.Mail.MailAddress..ctor(String address, String displayName, Encoding displayNameEncoding)
   at Webebook.WebForm.VangLai.quenmatkhau.SendConfirmationEmail(String toEmail, String maXacNhan) in D:\learning\congcu\Webebook-master\Webebook\WebForm\VangLai\quenmatkhau.aspx.cs:line 276
8/21/2025 6:55:22 PM - Lỗi btnGui_Click: System.Exception: Không thể gửi email xác nhận. Vui lòng kiểm tra lại cấu hình và thông tin tài khoản email.
   at Webebook.WebForm.VangLai.quenmatkhau.SendConfirmationEmail(String toEmail, String maXacNhan) in D:\learning\congcu\Webebook-master\Webebook\WebForm\VangLai\quenmatkhau.aspx.cs:line 295
   at Webebook.WebForm.VangLai.quenmatkhau.btnGui_Click(Object sender, EventArgs e) in D:\learning\congcu\Webebook-master\Webebook\WebForm\VangLai\quenmatkhau.aspx.cs:line 71
8/21/2025 6:55:24 PM - Lỗi gửi email quên mật khẩu: System.FormatException: The specified string is not in the form required for an e-mail address.
   at System.Net.Mail.MailAddressParser.ReadCfwsAndThrowIfIncomplete(String data, Int32 index)
   at System.Net.Mail.MailAddressParser.ParseDomain(String data, Int32& index)
   at System.Net.Mail.MailAddressParser.ParseAddress(String data, Boolean expectMultipleAddresses, Int32& index)
   at System.Net.Mail.MailAddressParser.ParseAddress(String data)
   at System.Net.Mail.MailAddress..ctor(String address, String displayName, Encoding displayNameEncoding)
   at Webebook.WebForm.VangLai.quenmatkhau.SendConfirmationEmail(String toEmail, String maXacNhan) in D:\learning\congcu\Webebook-master\Webebook\WebForm\VangLai\quenmatkhau.aspx.cs:line 276
8/21/2025 6:55:24 PM - Lỗi btnGui_Click: System.Exception: Không thể gửi email xác nhận. Vui lòng kiểm tra lại cấu hình và thông tin tài khoản email.
   at Webebook.WebForm.VangLai.quenmatkhau.SendConfirmationEmail(String toEmail, String maXacNhan) in D:\learning\congcu\Webebook-master\Webebook\WebForm\VangLai\quenmatkhau.aspx.cs:line 295
   at Webebook.WebForm.VangLai.quenmatkhau.btnGui_Click(Object sender, EventArgs e) in D:\learning\congcu\Webebook-master\Webebook\WebForm\VangLai\quenmatkhau.aspx.cs:line 71
8/21/2025 6:55:37 PM - Lỗi gửi email quên mật khẩu: System.FormatException: The specified string is not in the form required for an e-mail address.
   at System.Net.Mail.MailAddressParser.ReadCfwsAndThrowIfIncomplete(String data, Int32 index)
   at System.Net.Mail.MailAddressParser.ParseDomain(String data, Int32& index)
   at System.Net.Mail.MailAddressParser.ParseAddress(String data, Boolean expectMultipleAddresses, Int32& index)
   at System.Net.Mail.MailAddressParser.ParseAddress(String data)
   at System.Net.Mail.MailAddress..ctor(String address, String displayName, Encoding displayNameEncoding)
   at Webebook.WebForm.VangLai.quenmatkhau.SendConfirmationEmail(String toEmail, String maXacNhan) in D:\learning\congcu\Webebook-master\Webebook\WebForm\VangLai\quenmatkhau.aspx.cs:line 276
8/21/2025 6:55:37 PM - Lỗi btnGui_Click: System.Exception: Không thể gửi email xác nhận. Vui lòng kiểm tra lại cấu hình và thông tin tài khoản email.
   at Webebook.WebForm.VangLai.quenmatkhau.SendConfirmationEmail(String toEmail, String maXacNhan) in D:\learning\congcu\Webebook-master\Webebook\WebForm\VangLai\quenmatkhau.aspx.cs:line 295
   at Webebook.WebForm.VangLai.quenmatkhau.btnGui_Click(Object sender, EventArgs e) in D:\learning\congcu\Webebook-master\Webebook\WebForm\VangLai\quenmatkhau.aspx.cs:line 71
8/21/2025 6:56:12 PM - Lỗi gửi email quên mật khẩu: System.FormatException: The specified string is not in the form required for an e-mail address.
   at System.Net.Mail.MailAddressParser.ReadCfwsAndThrowIfIncomplete(String data, Int32 index)
   at System.Net.Mail.MailAddressParser.ParseDomain(String data, Int32& index)
   at System.Net.Mail.MailAddressParser.ParseAddress(String data, Boolean expectMultipleAddresses, Int32& index)
   at System.Net.Mail.MailAddressParser.ParseAddress(String data)
   at System.Net.Mail.MailAddress..ctor(String address, String displayName, Encoding displayNameEncoding)
   at Webebook.WebForm.VangLai.quenmatkhau.SendConfirmationEmail(String toEmail, String maXacNhan) in D:\learning\congcu\Webebook-master\Webebook\WebForm\VangLai\quenmatkhau.aspx.cs:line 276
8/21/2025 6:56:12 PM - Lỗi btnGui_Click: System.Exception: Không thể gửi email xác nhận. Vui lòng kiểm tra lại cấu hình và thông tin tài khoản email.
   at Webebook.WebForm.VangLai.quenmatkhau.SendConfirmationEmail(String toEmail, String maXacNhan) in D:\learning\congcu\Webebook-master\Webebook\WebForm\VangLai\quenmatkhau.aspx.cs:line 295
   at Webebook.WebForm.VangLai.quenmatkhau.btnGui_Click(Object sender, EventArgs e) in D:\learning\congcu\Webebook-master\Webebook\WebForm\VangLai\quenmatkhau.aspx.cs:line 71
8/21/2025 6:56:25 PM - Lỗi gửi email quên mật khẩu: System.FormatException: The specified string is not in the form required for an e-mail address.
   at System.Net.Mail.MailAddressParser.ReadCfwsAndThrowIfIncomplete(String data, Int32 index)
   at System.Net.Mail.MailAddressParser.ParseDomain(String data, Int32& index)
   at System.Net.Mail.MailAddressParser.ParseAddress(String data, Boolean expectMultipleAddresses, Int32& index)
   at System.Net.Mail.MailAddressParser.ParseAddress(String data)
   at System.Net.Mail.MailAddress..ctor(String address, String displayName, Encoding displayNameEncoding)
   at Webebook.WebForm.VangLai.quenmatkhau.SendConfirmationEmail(String toEmail, String maXacNhan) in D:\learning\congcu\Webebook-master\Webebook\WebForm\VangLai\quenmatkhau.aspx.cs:line 276
8/21/2025 6:56:25 PM - Lỗi btnGui_Click: System.Exception: Không thể gửi email xác nhận. Vui lòng kiểm tra lại cấu hình và thông tin tài khoản email.
   at Webebook.WebForm.VangLai.quenmatkhau.SendConfirmationEmail(String toEmail, String maXacNhan) in D:\learning\congcu\Webebook-master\Webebook\WebForm\VangLai\quenmatkhau.aspx.cs:line 295
   at Webebook.WebForm.VangLai.quenmatkhau.btnGui_Click(Object sender, EventArgs e) in D:\learning\congcu\Webebook-master\Webebook\WebForm\VangLai\quenmatkhau.aspx.cs:line 71
8/21/2025 7:33:48 PM - Lỗi gửi email quên mật khẩu: System.FormatException: The specified string is not in the form required for an e-mail address.
   at System.Net.Mail.MailAddressParser.ReadCfwsAndThrowIfIncomplete(String data, Int32 index)
   at System.Net.Mail.MailAddressParser.ParseDomain(String data, Int32& index)
   at System.Net.Mail.MailAddressParser.ParseAddress(String data, Boolean expectMultipleAddresses, Int32& index)
   at System.Net.Mail.MailAddressParser.ParseAddress(String data)
   at System.Net.Mail.MailAddress..ctor(String address, String displayName, Encoding displayNameEncoding)
   at Webebook.WebForm.VangLai.quenmatkhau.SendConfirmationEmail(String toEmail, String maXacNhan) in D:\learning\congcu\Webebook-master\Webebook\WebForm\VangLai\quenmatkhau.aspx.cs:line 276
8/21/2025 7:33:48 PM - Lỗi btnGui_Click: System.Exception: Không thể gửi email xác nhận. Vui lòng kiểm tra lại cấu hình và thông tin tài khoản email.
   at Webebook.WebForm.VangLai.quenmatkhau.SendConfirmationEmail(String toEmail, String maXacNhan) in D:\learning\congcu\Webebook-master\Webebook\WebForm\VangLai\quenmatkhau.aspx.cs:line 295
   at Webebook.WebForm.VangLai.quenmatkhau.btnGui_Click(Object sender, EventArgs e) in D:\learning\congcu\Webebook-master\Webebook\WebForm\VangLai\quenmatkhau.aspx.cs:line 71
8/21/2025 7:44:37 PM - Lỗi gửi email quên mật khẩu: System.FormatException: The specified string is not in the form required for an e-mail address.
   at System.Net.Mail.MailAddressParser.ReadCfwsAndThrowIfIncomplete(String data, Int32 index)
   at System.Net.Mail.MailAddressParser.ParseDomain(String data, Int32& index)
   at System.Net.Mail.MailAddressParser.ParseAddress(String data, Boolean expectMultipleAddresses, Int32& index)
   at System.Net.Mail.MailAddressParser.ParseAddress(String data)
   at System.Net.Mail.MailAddress..ctor(String address, String displayName, Encoding displayNameEncoding)
   at Webebook.WebForm.VangLai.quenmatkhau.SendConfirmationEmail(String toEmail, String maXacNhan) in D:\learning\congcu\Webebook-master\Webebook\WebForm\VangLai\quenmatkhau.aspx.cs:line 276
8/21/2025 7:44:37 PM - Lỗi btnGui_Click: System.Exception: Không thể gửi email xác nhận. Vui lòng kiểm tra lại cấu hình và thông tin tài khoản email.
   at Webebook.WebForm.VangLai.quenmatkhau.SendConfirmationEmail(String toEmail, String maXacNhan) in D:\learning\congcu\Webebook-master\Webebook\WebForm\VangLai\quenmatkhau.aspx.cs:line 295
   at Webebook.WebForm.VangLai.quenmatkhau.btnGui_Click(Object sender, EventArgs e) in D:\learning\congcu\Webebook-master\Webebook\WebForm\VangLai\quenmatkhau.aspx.cs:line 71
8/21/2025 7:44:38 PM - Lỗi gửi email quên mật khẩu: System.FormatException: The specified string is not in the form required for an e-mail address.
   at System.Net.Mail.MailAddressParser.ReadCfwsAndThrowIfIncomplete(String data, Int32 index)
   at System.Net.Mail.MailAddressParser.ParseDomain(String data, Int32& index)
   at System.Net.Mail.MailAddressParser.ParseAddress(String data, Boolean expectMultipleAddresses, Int32& index)
   at System.Net.Mail.MailAddressParser.ParseAddress(String data)
   at System.Net.Mail.MailAddress..ctor(String address, String displayName, Encoding displayNameEncoding)
   at Webebook.WebForm.VangLai.quenmatkhau.SendConfirmationEmail(String toEmail, String maXacNhan) in D:\learning\congcu\Webebook-master\Webebook\WebForm\VangLai\quenmatkhau.aspx.cs:line 276
8/21/2025 7:44:38 PM - Lỗi btnGui_Click: System.Exception: Không thể gửi email xác nhận. Vui lòng kiểm tra lại cấu hình và thông tin tài khoản email.
   at Webebook.WebForm.VangLai.quenmatkhau.SendConfirmationEmail(String toEmail, String maXacNhan) in D:\learning\congcu\Webebook-master\Webebook\WebForm\VangLai\quenmatkhau.aspx.cs:line 295
   at Webebook.WebForm.VangLai.quenmatkhau.btnGui_Click(Object sender, EventArgs e) in D:\learning\congcu\Webebook-master\Webebook\WebForm\VangLai\quenmatkhau.aspx.cs:line 71
8/21/2025 7:44:38 PM - Lỗi gửi email quên mật khẩu: System.FormatException: The specified string is not in the form required for an e-mail address.
   at System.Net.Mail.MailAddressParser.ReadCfwsAndThrowIfIncomplete(String data, Int32 index)
   at System.Net.Mail.MailAddressParser.ParseDomain(String data, Int32& index)
   at System.Net.Mail.MailAddressParser.ParseAddress(String data, Boolean expectMultipleAddresses, Int32& index)
   at System.Net.Mail.MailAddressParser.ParseAddress(String data)
   at System.Net.Mail.MailAddress..ctor(String address, String displayName, Encoding displayNameEncoding)
   at Webebook.WebForm.VangLai.quenmatkhau.SendConfirmationEmail(String toEmail, String maXacNhan) in D:\learning\congcu\Webebook-master\Webebook\WebForm\VangLai\quenmatkhau.aspx.cs:line 276
8/21/2025 7:44:38 PM - Lỗi btnGui_Click: System.Exception: Không thể gửi email xác nhận. Vui lòng kiểm tra lại cấu hình và thông tin tài khoản email.
   at Webebook.WebForm.VangLai.quenmatkhau.SendConfirmationEmail(String toEmail, String maXacNhan) in D:\learning\congcu\Webebook-master\Webebook\WebForm\VangLai\quenmatkhau.aspx.cs:line 295
   at Webebook.WebForm.VangLai.quenmatkhau.btnGui_Click(Object sender, EventArgs e) in D:\learning\congcu\Webebook-master\Webebook\WebForm\VangLai\quenmatkhau.aspx.cs:line 71
8/21/2025 7:44:39 PM - Lỗi gửi email quên mật khẩu: System.FormatException: The specified string is not in the form required for an e-mail address.
   at System.Net.Mail.MailAddressParser.ReadCfwsAndThrowIfIncomplete(String data, Int32 index)
   at System.Net.Mail.MailAddressParser.ParseDomain(String data, Int32& index)
   at System.Net.Mail.MailAddressParser.ParseAddress(String data, Boolean expectMultipleAddresses, Int32& index)
   at System.Net.Mail.MailAddressParser.ParseAddress(String data)
   at System.Net.Mail.MailAddress..ctor(String address, String displayName, Encoding displayNameEncoding)
   at Webebook.WebForm.VangLai.quenmatkhau.SendConfirmationEmail(String toEmail, String maXacNhan) in D:\learning\congcu\Webebook-master\Webebook\WebForm\VangLai\quenmatkhau.aspx.cs:line 276
8/21/2025 7:44:39 PM - Lỗi btnGui_Click: System.Exception: Không thể gửi email xác nhận. Vui lòng kiểm tra lại cấu hình và thông tin tài khoản email.
   at Webebook.WebForm.VangLai.quenmatkhau.SendConfirmationEmail(String toEmail, String maXacNhan) in D:\learning\congcu\Webebook-master\Webebook\WebForm\VangLai\quenmatkhau.aspx.cs:line 295
   at Webebook.WebForm.VangLai.quenmatkhau.btnGui_Click(Object sender, EventArgs e) in D:\learning\congcu\Webebook-master\Webebook\WebForm\VangLai\quenmatkhau.aspx.cs:line 71
8/21/2025 7:44:39 PM - Lỗi gửi email quên mật khẩu: System.FormatException: The specified string is not in the form required for an e-mail address.
   at System.Net.Mail.MailAddressParser.ReadCfwsAndThrowIfIncomplete(String data, Int32 index)
   at System.Net.Mail.MailAddressParser.ParseDomain(String data, Int32& index)
   at System.Net.Mail.MailAddressParser.ParseAddress(String data, Boolean expectMultipleAddresses, Int32& index)
   at System.Net.Mail.MailAddressParser.ParseAddress(String data)
   at System.Net.Mail.MailAddress..ctor(String address, String displayName, Encoding displayNameEncoding)
   at Webebook.WebForm.VangLai.quenmatkhau.SendConfirmationEmail(String toEmail, String maXacNhan) in D:\learning\congcu\Webebook-master\Webebook\WebForm\VangLai\quenmatkhau.aspx.cs:line 276
8/21/2025 7:44:39 PM - Lỗi btnGui_Click: System.Exception: Không thể gửi email xác nhận. Vui lòng kiểm tra lại cấu hình và thông tin tài khoản email.
   at Webebook.WebForm.VangLai.quenmatkhau.SendConfirmationEmail(String toEmail, String maXacNhan) in D:\learning\congcu\Webebook-master\Webebook\WebForm\VangLai\quenmatkhau.aspx.cs:line 295
   at Webebook.WebForm.VangLai.quenmatkhau.btnGui_Click(Object sender, EventArgs e) in D:\learning\congcu\Webebook-master\Webebook\WebForm\VangLai\quenmatkhau.aspx.cs:line 71
8/22/2025 6:26:10 PM - Lỗi btnGui_Click: System.Net.Mail.SmtpException: Failure sending mail. ---> System.IO.IOException: Unable to read data from the transport connection: An established connection was aborted by the software in your host machine. ---> System.Net.Sockets.SocketException: An established connection was aborted by the software in your host machine
   at System.Net.Sockets.NetworkStream.Read(Byte[] buffer, Int32 offset, Int32 size)
   --- End of inner exception stack trace ---
   at System.Net.Sockets.NetworkStream.Read(Byte[] buffer, Int32 offset, Int32 size)
   at System.Net.FixedSizeReader.ReadPacket(Byte[] buffer, Int32 offset, Int32 count)
   at System.Net.Security._SslStream.StartFrameHeader(Byte[] buffer, Int32 offset, Int32 count, AsyncProtocolRequest asyncRequest)
   at System.Net.Security._SslStream.StartReading(Byte[] buffer, Int32 offset, Int32 count, AsyncProtocolRequest asyncRequest)
   at System.Net.Security._SslStream.ProcessRead(Byte[] buffer, Int32 offset, Int32 count, AsyncProtocolRequest asyncRequest)
   at System.Net.TlsStream.Read(Byte[] buffer, Int32 offset, Int32 size)
   at System.Net.DelegatedStream.Read(Byte[] buffer, Int32 offset, Int32 count)
   at System.Net.BufferedReadStream.Read(Byte[] buffer, Int32 offset, Int32 count)
   at System.Net.Mail.SmtpReplyReaderFactory.ReadLines(SmtpReplyReader caller, Boolean oneLine)
   at System.Net.Mail.SmtpReplyReaderFactory.ReadLine(SmtpReplyReader caller)
   at System.Net.Mail.CheckCommand.Send(SmtpConnection conn, String& response)
   at System.Net.Mail.DataCommand.Send(SmtpConnection conn)
   at System.Net.Mail.SmtpTransport.SendMail(MailAddress sender, MailAddressCollection recipients, String deliveryNotify, Boolean allowUnicode, SmtpFailedRecipientException& exception)
   at System.Net.Mail.SmtpClient.Send(MailMessage message)
   --- End of inner exception stack trace ---
   at System.Net.Mail.SmtpClient.Send(MailMessage message)
   at Webebook.WebForm.VangLai.quenmatkhau.SendConfirmationEmail(String toEmail, String maXacNhan) in D:\learning\congcu\Webebook-master\Webebook\WebForm\VangLai\quenmatkhau.aspx.cs:line 243
   at Webebook.WebForm.VangLai.quenmatkhau.btnGui_Click(Object sender, EventArgs e) in D:\learning\congcu\Webebook-master\Webebook\WebForm\VangLai\quenmatkhau.aspx.cs:line 71
9/2/2025 3:45:06 PM - Lỗi gửi email quên mật khẩu: System.FormatException: The specified string is not in the form required for an e-mail address.
   at System.Net.Mail.MailAddressParser.ReadCfwsAndThrowIfIncomplete(String data, Int32 index)
   at System.Net.Mail.MailAddressParser.ParseDomain(String data, Int32& index)
   at System.Net.Mail.MailAddressParser.ParseAddress(String data, Boolean expectMultipleAddresses, Int32& index)
   at System.Net.Mail.MailAddressParser.ParseAddress(String data)
   at System.Net.Mail.MailAddress..ctor(String address, String displayName, Encoding displayNameEncoding)
   at Webebook.WebForm.VangLai.quenmatkhau.SendConfirmationEmail(String toEmail, String maXacNhan) in D:\learning\congcu\Webebook-master\Webebook\WebForm\VangLai\quenmatkhau.aspx.cs:line 277
9/2/2025 3:45:06 PM - Lỗi btnGui_Click: System.Exception: Không thể gửi email xác nhận. Vui lòng kiểm tra lại cấu hình và thông tin tài khoản email.
   at Webebook.WebForm.VangLai.quenmatkhau.SendConfirmationEmail(String toEmail, String maXacNhan) in D:\learning\congcu\Webebook-master\Webebook\WebForm\VangLai\quenmatkhau.aspx.cs:line 296
   at Webebook.WebForm.VangLai.quenmatkhau.btnGui_Click(Object sender, EventArgs e) in D:\learning\congcu\Webebook-master\Webebook\WebForm\VangLai\quenmatkhau.aspx.cs:line 71
